<?xml version="1.0" encoding="UTF-8" ?>
<testsuite failures="0" time="0.983" errors="0" skipped="0" tests="1" name="com.buy.test.spring.SpringTest">
  <properties>
    <property name="java.runtime.name" value="Java(TM) SE Runtime Environment"/>
    <property name="sun.boot.library.path" value="D:\java\jdk1.6.0_16\jdk1.6.0_16\jre\bin"/>
    <property name="java.vm.version" value="14.2-b01"/>
    <property name="java.vm.vendor" value="Sun Microsystems Inc."/>
    <property name="java.vendor.url" value="http://java.sun.com/"/>
    <property name="path.separator" value=";"/>
    <property name="java.vm.name" value="Java HotSpot(TM) Client VM"/>
    <property name="file.encoding.pkg" value="sun.io"/>
    <property name="user.country" value="CN"/>
    <property name="sun.java.launcher" value="SUN_STANDARD"/>
    <property name="sun.os.patch.level" value="Service Pack 1"/>
    <property name="java.vm.specification.name" value="Java Virtual Machine Specification"/>
    <property name="user.dir" value="D:\java\program\test"/>
    <property name="java.runtime.version" value="1.6.0_16-b01"/>
    <property name="java.awt.graphicsenv" value="sun.awt.Win32GraphicsEnvironment"/>
    <property name="basedir" value="D:\java\program\test"/>
    <property name="java.endorsed.dirs" value="D:\java\jdk1.6.0_16\jdk1.6.0_16\jre\lib\endorsed"/>
    <property name="os.arch" value="x86"/>
    <property name="surefire.real.class.path" value="D:\java\program\test\target\surefire\surefirebooter8293999327156595475.jar"/>
    <property name="java.io.tmpdir" value="C:\Users\ADMINI~1\AppData\Local\Temp\"/>
    <property name="line.separator" value="
"/>
    <property name="java.vm.specification.vendor" value="Sun Microsystems Inc."/>
    <property name="user.variant" value=""/>
    <property name="os.name" value="Windows 7"/>
    <property name="sun.jnu.encoding" value="GBK"/>
    <property name="java.library.path" value="D:\java\jdk1.6.0_16\jdk1.6.0_16\jre\bin;.;C:\Windows\Sun\Java\bin;C:\Windows\system32;C:\Windows;C:\Windows\system32;C:\Windows;C:\Windows\System32\Wbem;C:\Windows\System32\WindowsPowerShell\v1.0\;D:\java\jdk1.6.0_16\jdk1.6.0_16\bin;D:\Program Files\Subversion\bin;D:\Program Files\Microsoft SQL Server\100\Tools\Binn\;D:\Program Files\Microsoft SQL Server\100\DTS\Binn\;D:\Program Files\Microsoft SQL Server\100\Tools\Binn\VSShell\Common7\IDE\;C:\Program Files\Microsoft Visual Studio 9.0\Common7\IDE\PrivateAssemblies\;D:\java\apache-maven-3.0.3\bin;D:\Program Files\Oracle;D:\python\Python27;D:\java\apache-cxf-2.6.0\apache-cxf-2.6.0\bin;D:\Program Files\TortoiseSVN\bin;D:\java\apache-ant-1.8.2\bin;D:\Program Files\IDM Computer Solutions\UltraEdit\"/>
    <property name="surefire.test.class.path" value="D:\java\program\test\target\test-classes;D:\java\program\test\target\classes;C:\Users\Administrator\.m2\repository\com\microsoft\sqlserver\sqlserver-jdbc\3.0\sqlserver-jdbc-3.0.jar;C:\Users\Administrator\.m2\repository\com\oracle\ojdbc14\10.2.0.1.0\ojdbc14-10.2.0.1.0.jar;C:\Users\Administrator\.m2\repository\commons-cli\commons-cli\1.2\commons-cli-1.2.jar;C:\Users\Administrator\.m2\repository\org\codehaus\jackson\jackson-mapper-asl\1.5.2\jackson-mapper-asl-1.5.2.jar;C:\Users\Administrator\.m2\repository\org\codehaus\jackson\jackson-core-asl\1.5.2\jackson-core-asl-1.5.2.jar;C:\Users\Administrator\.m2\repository\org\codehaus\jackson\jackson-mapper-lgpl\1.5.2\jackson-mapper-lgpl-1.5.2.jar;C:\Users\Administrator\.m2\repository\org\codehaus\jackson\jackson-core-lgpl\1.5.2\jackson-core-lgpl-1.5.2.jar;C:\Users\Administrator\.m2\repository\junit\junit\4.5\junit-4.5.jar;C:\Users\Administrator\.m2\repository\org\apache\hadoop\hadoop-mrunit\0.20.2-cdh3u3\hadoop-mrunit-0.20.2-cdh3u3.jar;C:\Users\Administrator\.m2\repository\org\apache\hadoop\hadoop-core\0.20.2-cdh3u3\hadoop-core-0.20.2-cdh3u3.jar;C:\Users\Administrator\.m2\repository\xmlenc\xmlenc\0.52\xmlenc-0.52.jar;C:\Users\Administrator\.m2\repository\org\apache\hadoop\thirdparty\guava\guava\r09-jarjar\guava-r09-jarjar.jar;C:\Users\Administrator\.m2\repository\commons-httpclient\commons-httpclient\3.1\commons-httpclient-3.1.jar;C:\Users\Administrator\.m2\repository\commons-codec\commons-codec\1.4\commons-codec-1.4.jar;C:\Users\Administrator\.m2\repository\commons-net\commons-net\1.4.1\commons-net-1.4.1.jar;C:\Users\Administrator\.m2\repository\org\mortbay\jetty\jetty\6.1.26\jetty-6.1.26.jar;C:\Users\Administrator\.m2\repository\org\mortbay\jetty\servlet-api\2.5-20081211\servlet-api-2.5-20081211.jar;C:\Users\Administrator\.m2\repository\org\mortbay\jetty\jetty-util\6.1.26\jetty-util-6.1.26.jar;C:\Users\Administrator\.m2\repository\tomcat\jasper-runtime\5.5.23\jasper-runtime-5.5.23.jar;C:\Users\Administrator\.m2\repository\tomcat\jasper-compiler\5.5.23\jasper-compiler-5.5.23.jar;C:\Users\Administrator\.m2\repository\javax\servlet\jsp-api\2.0\jsp-api-2.0.jar;C:\Users\Administrator\.m2\repository\ant\ant\1.6.5\ant-1.6.5.jar;C:\Users\Administrator\.m2\repository\javax\servlet\jsp\jsp-api\2.1\jsp-api-2.1.jar;C:\Users\Administrator\.m2\repository\commons-el\commons-el\1.0\commons-el-1.0.jar;C:\Users\Administrator\.m2\repository\net\java\dev\jets3t\jets3t\0.6.1\jets3t-0.6.1.jar;C:\Users\Administrator\.m2\repository\javax\servlet\servlet-api\2.5\servlet-api-2.5.jar;C:\Users\Administrator\.m2\repository\hsqldb\hsqldb\1.8.0.7\hsqldb-1.8.0.7.jar;C:\Users\Administrator\.m2\repository\oro\oro\2.0.8\oro-2.0.8.jar;C:\Users\Administrator\.m2\repository\org\eclipse\jdt\core\3.1.1\core-3.1.1.jar;C:\Users\Administrator\.m2\repository\org\apache\hadoop\hadoop-tools\0.20.2-cdh3u3\hadoop-tools-0.20.2-cdh3u3.jar;C:\Users\Administrator\.m2\repository\org\apache\hadoop\hadoop-examples\0.20.2-cdh3u3\hadoop-examples-0.20.2-cdh3u3.jar;C:\Users\Administrator\.m2\repository\com\yahoo\oozie\oozie-client\2.3.2-cdh3u3\oozie-client-2.3.2-cdh3u3.jar;C:\Users\Administrator\.m2\repository\com\googlecode\json-simple\json-simple\1.1\json-simple-1.1.jar;C:\Users\Administrator\.m2\repository\com\yahoo\oozie\oozie-core\2.3.2-cdh3u3\oozie-core-2.3.2-cdh3u3.jar;C:\Users\Administrator\.m2\repository\org\apache\openjpa\openjpa-persistence\1.2.1\openjpa-persistence-1.2.1.jar;C:\Users\Administrator\.m2\repository\org\apache\openjpa\openjpa-kernel\1.2.1\openjpa-kernel-1.2.1.jar;C:\Users\Administrator\.m2\repository\org\apache\openjpa\openjpa-lib\1.2.1\openjpa-lib-1.2.1.jar;C:\Users\Administrator\.m2\repository\net\sourceforge\serp\serp\1.13.1\serp-1.13.1.jar;C:\Users\Administrator\.m2\repository\org\apache\geronimo\specs\geronimo-jms_1.1_spec\1.0.1\geronimo-jms_1.1_spec-1.0.1.jar;C:\Users\Administrator\.m2\repository\org\apache\geronimo\specs\geronimo-jta_1.1_spec\1.1\geronimo-jta_1.1_spec-1.1.jar;C:\Users\Administrator\.m2\repository\org\apache\geronimo\specs\geronimo-jpa_3.0_spec\1.0\geronimo-jpa_3.0_spec-1.0.jar;C:\Users\Administrator\.m2\repository\org\apache\openjpa\openjpa-jdbc\1.2.1\openjpa-jdbc-1.2.1.jar;C:\Users\Administrator\.m2\repository\javax\xml\bind\jaxb-api\2.0\jaxb-api-2.0.jar;C:\Users\Administrator\.m2\repository\javax\xml\bind\jsr173_api\1.0\jsr173_api-1.0.jar;C:\Users\Administrator\.m2\repository\org\apache\openjpa\openjpa-persistence-jdbc\1.2.1\openjpa-persistence-jdbc-1.2.1.jar;C:\Users\Administrator\.m2\repository\commons-lang\commons-lang\2.4\commons-lang-2.4.jar;C:\Users\Administrator\.m2\repository\log4j\log4j\1.2.15\log4j-1.2.15.jar;C:\Users\Administrator\.m2\repository\org\jdom\jdom\1.1\jdom-1.1.jar;C:\Users\Administrator\.m2\repository\commons-dbcp\commons-dbcp\1.4\commons-dbcp-1.4.jar;C:\Users\Administrator\.m2\repository\commons-pool\commons-pool\1.5.4\commons-pool-1.5.4.jar;C:\Users\Administrator\.m2\repository\commons-logging\commons-logging\1.1\commons-logging-1.1.jar;C:\Users\Administrator\.m2\repository\org\apache\derby\derby\10.6.1.0\derby-10.6.1.0.jar;C:\Users\Administrator\.m2\repository\javax\mail\mail\1.4\mail-1.4.jar;C:\Users\Administrator\.m2\repository\javax\activation\activation\1.1\activation-1.1.jar;C:\Users\Administrator\.m2\repository\postgresql\postgresql\9.0-801.jdbc4\postgresql-9.0-801.jdbc4.jar;C:\Users\Administrator\.m2\repository\org\slf4j\slf4j-log4j12\1.5.8\slf4j-log4j12-1.5.8.jar;C:\Users\Administrator\.m2\repository\org\slf4j\slf4j-api\1.5.8\slf4j-api-1.5.8.jar;C:\Users\Administrator\.m2\repository\com\cloudera\sqoop\sqoop\1.3.0-cdh3u3\sqoop-1.3.0-cdh3u3.jar;C:\Users\Administrator\.m2\repository\commons-collections\commons-collections\3.2.1\commons-collections-3.2.1.jar;C:\Users\Administrator\.m2\repository\commons-io\commons-io\1.4\commons-io-1.4.jar;C:\Users\Administrator\.m2\repository\org\apache\hbase\hbase\0.90.4-cdh3u3\hbase-0.90.4-cdh3u3.jar;C:\Users\Administrator\.m2\repository\org\apache\avro\avro\1.5.4\avro-1.5.4.jar;C:\Users\Administrator\.m2\repository\org\xerial\snappy\snappy-java\1.0.3.2\snappy-java-1.0.3.2.jar;C:\Users\Administrator\.m2\repository\org\apache\avro\avro-ipc\1.5.4\avro-ipc-1.5.4.jar;C:\Users\Administrator\.m2\repository\org\jboss\netty\netty\3.2.4.Final\netty-3.2.4.Final.jar;C:\Users\Administrator\.m2\repository\org\apache\velocity\velocity\1.7\velocity-1.7.jar;C:\Users\Administrator\.m2\repository\org\apache\zookeeper\zookeeper\3.3.4-cdh3u3\zookeeper-3.3.4-cdh3u3.jar;C:\Users\Administrator\.m2\repository\org\apache\thrift\thrift\0.2.0\thrift-0.2.0.jar;C:\Users\Administrator\.m2\repository\org\jruby\jruby-complete\1.6.0\jruby-complete-1.6.0.jar;C:\Users\Administrator\.m2\repository\org\mortbay\jetty\jsp-2.1\6.1.14\jsp-2.1-6.1.14.jar;C:\Users\Administrator\.m2\repository\org\mortbay\jetty\jsp-api-2.1\6.1.14\jsp-api-2.1-6.1.14.jar;C:\Users\Administrator\.m2\repository\org\mortbay\jetty\servlet-api-2.5\6.1.14\servlet-api-2.5-6.1.14.jar;C:\Users\Administrator\.m2\repository\org\jamon\jamon-runtime\2.3.1\jamon-runtime-2.3.1.jar;C:\Users\Administrator\.m2\repository\com\google\protobuf\protobuf-java\2.3.0\protobuf-java-2.3.0.jar;C:\Users\Administrator\.m2\repository\com\sun\jersey\jersey-core\1.4\jersey-core-1.4.jar;C:\Users\Administrator\.m2\repository\com\sun\jersey\jersey-json\1.4\jersey-json-1.4.jar;C:\Users\Administrator\.m2\repository\org\codehaus\jettison\jettison\1.1\jettison-1.1.jar;C:\Users\Administrator\.m2\repository\com\sun\xml\bind\jaxb-impl\2.1.12\jaxb-impl-2.1.12.jar;C:\Users\Administrator\.m2\repository\org\codehaus\jackson\jackson-jaxrs\1.5.5\jackson-jaxrs-1.5.5.jar;C:\Users\Administrator\.m2\repository\org\codehaus\jackson\jackson-xc\1.5.5\jackson-xc-1.5.5.jar;C:\Users\Administrator\.m2\repository\com\sun\jersey\jersey-server\1.4\jersey-server-1.4.jar;C:\Users\Administrator\.m2\repository\asm\asm\3.1\asm-3.1.jar;C:\Users\Administrator\.m2\repository\javax\ws\rs\jsr311-api\1.1.1\jsr311-api-1.1.1.jar;C:\Users\Administrator\.m2\repository\stax\stax-api\1.0.1\stax-api-1.0.1.jar;C:\Users\Administrator\.m2\repository\ant-contrib\ant-contrib\1.0b3\ant-contrib-1.0b3.jar;C:\Users\Administrator\.m2\repository\org\springframework\spring-test\3.1.0.RELEASE\spring-test-3.1.0.RELEASE.jar;C:\Users\Administrator\.m2\repository\org\springframework\spring-expression\3.1.0.RELEASE\spring-expression-3.1.0.RELEASE.jar;C:\Users\Administrator\.m2\repository\org\springframework\spring-tx\3.1.0.RELEASE\spring-tx-3.1.0.RELEASE.jar;C:\Users\Administrator\.m2\repository\aopalliance\aopalliance\1.0\aopalliance-1.0.jar;C:\Users\Administrator\.m2\repository\org\springframework\spring-aop\3.1.0.RELEASE\spring-aop-3.1.0.RELEASE.jar;C:\Users\Administrator\.m2\repository\org\springframework\spring-context\3.1.0.RELEASE\spring-context-3.1.0.RELEASE.jar;C:\Users\Administrator\.m2\repository\org\springframework\spring-beans\3.1.0.RELEASE\spring-beans-3.1.0.RELEASE.jar;C:\Users\Administrator\.m2\repository\org\springframework\spring-core\3.1.0.RELEASE\spring-core-3.1.0.RELEASE.jar;C:\Users\Administrator\.m2\repository\org\springframework\spring-asm\3.1.0.RELEASE\spring-asm-3.1.0.RELEASE.jar;C:\Users\Administrator\.m2\repository\dom4j\dom4j\1.6.1\dom4j-1.6.1.jar;C:\Users\Administrator\.m2\repository\xml-apis\xml-apis\1.0.b2\xml-apis-1.0.b2.jar;C:\Users\Administrator\.m2\repository\com\google\guava\guava\14.0\guava-14.0.jar;"/>
    <property name="java.specification.name" value="Java Platform API Specification"/>
    <property name="java.class.version" value="50.0"/>
    <property name="sun.management.compiler" value="HotSpot Client Compiler"/>
    <property name="os.version" value="6.1"/>
    <property name="user.home" value="C:\Users\Administrator"/>
    <property name="user.timezone" value="GMT+08:00"/>
    <property name="java.awt.printerjob" value="sun.awt.windows.WPrinterJob"/>
    <property name="java.specification.version" value="1.6"/>
    <property name="file.encoding" value="GBK"/>
    <property name="user.name" value="huanghu"/>
    <property name="java.class.path" value="D:\java\program\test\target\test-classes;D:\java\program\test\target\classes;C:\Users\Administrator\.m2\repository\com\microsoft\sqlserver\sqlserver-jdbc\3.0\sqlserver-jdbc-3.0.jar;C:\Users\Administrator\.m2\repository\com\oracle\ojdbc14\10.2.0.1.0\ojdbc14-10.2.0.1.0.jar;C:\Users\Administrator\.m2\repository\commons-cli\commons-cli\1.2\commons-cli-1.2.jar;C:\Users\Administrator\.m2\repository\org\codehaus\jackson\jackson-mapper-asl\1.5.2\jackson-mapper-asl-1.5.2.jar;C:\Users\Administrator\.m2\repository\org\codehaus\jackson\jackson-core-asl\1.5.2\jackson-core-asl-1.5.2.jar;C:\Users\Administrator\.m2\repository\org\codehaus\jackson\jackson-mapper-lgpl\1.5.2\jackson-mapper-lgpl-1.5.2.jar;C:\Users\Administrator\.m2\repository\org\codehaus\jackson\jackson-core-lgpl\1.5.2\jackson-core-lgpl-1.5.2.jar;C:\Users\Administrator\.m2\repository\junit\junit\4.5\junit-4.5.jar;C:\Users\Administrator\.m2\repository\org\apache\hadoop\hadoop-mrunit\0.20.2-cdh3u3\hadoop-mrunit-0.20.2-cdh3u3.jar;C:\Users\Administrator\.m2\repository\org\apache\hadoop\hadoop-core\0.20.2-cdh3u3\hadoop-core-0.20.2-cdh3u3.jar;C:\Users\Administrator\.m2\repository\xmlenc\xmlenc\0.52\xmlenc-0.52.jar;C:\Users\Administrator\.m2\repository\org\apache\hadoop\thirdparty\guava\guava\r09-jarjar\guava-r09-jarjar.jar;C:\Users\Administrator\.m2\repository\commons-httpclient\commons-httpclient\3.1\commons-httpclient-3.1.jar;C:\Users\Administrator\.m2\repository\commons-codec\commons-codec\1.4\commons-codec-1.4.jar;C:\Users\Administrator\.m2\repository\commons-net\commons-net\1.4.1\commons-net-1.4.1.jar;C:\Users\Administrator\.m2\repository\org\mortbay\jetty\jetty\6.1.26\jetty-6.1.26.jar;C:\Users\Administrator\.m2\repository\org\mortbay\jetty\servlet-api\2.5-20081211\servlet-api-2.5-20081211.jar;C:\Users\Administrator\.m2\repository\org\mortbay\jetty\jetty-util\6.1.26\jetty-util-6.1.26.jar;C:\Users\Administrator\.m2\repository\tomcat\jasper-runtime\5.5.23\jasper-runtime-5.5.23.jar;C:\Users\Administrator\.m2\repository\tomcat\jasper-compiler\5.5.23\jasper-compiler-5.5.23.jar;C:\Users\Administrator\.m2\repository\javax\servlet\jsp-api\2.0\jsp-api-2.0.jar;C:\Users\Administrator\.m2\repository\ant\ant\1.6.5\ant-1.6.5.jar;C:\Users\Administrator\.m2\repository\javax\servlet\jsp\jsp-api\2.1\jsp-api-2.1.jar;C:\Users\Administrator\.m2\repository\commons-el\commons-el\1.0\commons-el-1.0.jar;C:\Users\Administrator\.m2\repository\net\java\dev\jets3t\jets3t\0.6.1\jets3t-0.6.1.jar;C:\Users\Administrator\.m2\repository\javax\servlet\servlet-api\2.5\servlet-api-2.5.jar;C:\Users\Administrator\.m2\repository\hsqldb\hsqldb\1.8.0.7\hsqldb-1.8.0.7.jar;C:\Users\Administrator\.m2\repository\oro\oro\2.0.8\oro-2.0.8.jar;C:\Users\Administrator\.m2\repository\org\eclipse\jdt\core\3.1.1\core-3.1.1.jar;C:\Users\Administrator\.m2\repository\org\apache\hadoop\hadoop-tools\0.20.2-cdh3u3\hadoop-tools-0.20.2-cdh3u3.jar;C:\Users\Administrator\.m2\repository\org\apache\hadoop\hadoop-examples\0.20.2-cdh3u3\hadoop-examples-0.20.2-cdh3u3.jar;C:\Users\Administrator\.m2\repository\com\yahoo\oozie\oozie-client\2.3.2-cdh3u3\oozie-client-2.3.2-cdh3u3.jar;C:\Users\Administrator\.m2\repository\com\googlecode\json-simple\json-simple\1.1\json-simple-1.1.jar;C:\Users\Administrator\.m2\repository\com\yahoo\oozie\oozie-core\2.3.2-cdh3u3\oozie-core-2.3.2-cdh3u3.jar;C:\Users\Administrator\.m2\repository\org\apache\openjpa\openjpa-persistence\1.2.1\openjpa-persistence-1.2.1.jar;C:\Users\Administrator\.m2\repository\org\apache\openjpa\openjpa-kernel\1.2.1\openjpa-kernel-1.2.1.jar;C:\Users\Administrator\.m2\repository\org\apache\openjpa\openjpa-lib\1.2.1\openjpa-lib-1.2.1.jar;C:\Users\Administrator\.m2\repository\net\sourceforge\serp\serp\1.13.1\serp-1.13.1.jar;C:\Users\Administrator\.m2\repository\org\apache\geronimo\specs\geronimo-jms_1.1_spec\1.0.1\geronimo-jms_1.1_spec-1.0.1.jar;C:\Users\Administrator\.m2\repository\org\apache\geronimo\specs\geronimo-jta_1.1_spec\1.1\geronimo-jta_1.1_spec-1.1.jar;C:\Users\Administrator\.m2\repository\org\apache\geronimo\specs\geronimo-jpa_3.0_spec\1.0\geronimo-jpa_3.0_spec-1.0.jar;C:\Users\Administrator\.m2\repository\org\apache\openjpa\openjpa-jdbc\1.2.1\openjpa-jdbc-1.2.1.jar;C:\Users\Administrator\.m2\repository\javax\xml\bind\jaxb-api\2.0\jaxb-api-2.0.jar;C:\Users\Administrator\.m2\repository\javax\xml\bind\jsr173_api\1.0\jsr173_api-1.0.jar;C:\Users\Administrator\.m2\repository\org\apache\openjpa\openjpa-persistence-jdbc\1.2.1\openjpa-persistence-jdbc-1.2.1.jar;C:\Users\Administrator\.m2\repository\commons-lang\commons-lang\2.4\commons-lang-2.4.jar;C:\Users\Administrator\.m2\repository\log4j\log4j\1.2.15\log4j-1.2.15.jar;C:\Users\Administrator\.m2\repository\org\jdom\jdom\1.1\jdom-1.1.jar;C:\Users\Administrator\.m2\repository\commons-dbcp\commons-dbcp\1.4\commons-dbcp-1.4.jar;C:\Users\Administrator\.m2\repository\commons-pool\commons-pool\1.5.4\commons-pool-1.5.4.jar;C:\Users\Administrator\.m2\repository\commons-logging\commons-logging\1.1\commons-logging-1.1.jar;C:\Users\Administrator\.m2\repository\org\apache\derby\derby\10.6.1.0\derby-10.6.1.0.jar;C:\Users\Administrator\.m2\repository\javax\mail\mail\1.4\mail-1.4.jar;C:\Users\Administrator\.m2\repository\javax\activation\activation\1.1\activation-1.1.jar;C:\Users\Administrator\.m2\repository\postgresql\postgresql\9.0-801.jdbc4\postgresql-9.0-801.jdbc4.jar;C:\Users\Administrator\.m2\repository\org\slf4j\slf4j-log4j12\1.5.8\slf4j-log4j12-1.5.8.jar;C:\Users\Administrator\.m2\repository\org\slf4j\slf4j-api\1.5.8\slf4j-api-1.5.8.jar;C:\Users\Administrator\.m2\repository\com\cloudera\sqoop\sqoop\1.3.0-cdh3u3\sqoop-1.3.0-cdh3u3.jar;C:\Users\Administrator\.m2\repository\commons-collections\commons-collections\3.2.1\commons-collections-3.2.1.jar;C:\Users\Administrator\.m2\repository\commons-io\commons-io\1.4\commons-io-1.4.jar;C:\Users\Administrator\.m2\repository\org\apache\hbase\hbase\0.90.4-cdh3u3\hbase-0.90.4-cdh3u3.jar;C:\Users\Administrator\.m2\repository\org\apache\avro\avro\1.5.4\avro-1.5.4.jar;C:\Users\Administrator\.m2\repository\org\xerial\snappy\snappy-java\1.0.3.2\snappy-java-1.0.3.2.jar;C:\Users\Administrator\.m2\repository\org\apache\avro\avro-ipc\1.5.4\avro-ipc-1.5.4.jar;C:\Users\Administrator\.m2\repository\org\jboss\netty\netty\3.2.4.Final\netty-3.2.4.Final.jar;C:\Users\Administrator\.m2\repository\org\apache\velocity\velocity\1.7\velocity-1.7.jar;C:\Users\Administrator\.m2\repository\org\apache\zookeeper\zookeeper\3.3.4-cdh3u3\zookeeper-3.3.4-cdh3u3.jar;C:\Users\Administrator\.m2\repository\org\apache\thrift\thrift\0.2.0\thrift-0.2.0.jar;C:\Users\Administrator\.m2\repository\org\jruby\jruby-complete\1.6.0\jruby-complete-1.6.0.jar;C:\Users\Administrator\.m2\repository\org\mortbay\jetty\jsp-2.1\6.1.14\jsp-2.1-6.1.14.jar;C:\Users\Administrator\.m2\repository\org\mortbay\jetty\jsp-api-2.1\6.1.14\jsp-api-2.1-6.1.14.jar;C:\Users\Administrator\.m2\repository\org\mortbay\jetty\servlet-api-2.5\6.1.14\servlet-api-2.5-6.1.14.jar;C:\Users\Administrator\.m2\repository\org\jamon\jamon-runtime\2.3.1\jamon-runtime-2.3.1.jar;C:\Users\Administrator\.m2\repository\com\google\protobuf\protobuf-java\2.3.0\protobuf-java-2.3.0.jar;C:\Users\Administrator\.m2\repository\com\sun\jersey\jersey-core\1.4\jersey-core-1.4.jar;C:\Users\Administrator\.m2\repository\com\sun\jersey\jersey-json\1.4\jersey-json-1.4.jar;C:\Users\Administrator\.m2\repository\org\codehaus\jettison\jettison\1.1\jettison-1.1.jar;C:\Users\Administrator\.m2\repository\com\sun\xml\bind\jaxb-impl\2.1.12\jaxb-impl-2.1.12.jar;C:\Users\Administrator\.m2\repository\org\codehaus\jackson\jackson-jaxrs\1.5.5\jackson-jaxrs-1.5.5.jar;C:\Users\Administrator\.m2\repository\org\codehaus\jackson\jackson-xc\1.5.5\jackson-xc-1.5.5.jar;C:\Users\Administrator\.m2\repository\com\sun\jersey\jersey-server\1.4\jersey-server-1.4.jar;C:\Users\Administrator\.m2\repository\asm\asm\3.1\asm-3.1.jar;C:\Users\Administrator\.m2\repository\javax\ws\rs\jsr311-api\1.1.1\jsr311-api-1.1.1.jar;C:\Users\Administrator\.m2\repository\stax\stax-api\1.0.1\stax-api-1.0.1.jar;C:\Users\Administrator\.m2\repository\ant-contrib\ant-contrib\1.0b3\ant-contrib-1.0b3.jar;C:\Users\Administrator\.m2\repository\org\springframework\spring-test\3.1.0.RELEASE\spring-test-3.1.0.RELEASE.jar;C:\Users\Administrator\.m2\repository\org\springframework\spring-expression\3.1.0.RELEASE\spring-expression-3.1.0.RELEASE.jar;C:\Users\Administrator\.m2\repository\org\springframework\spring-tx\3.1.0.RELEASE\spring-tx-3.1.0.RELEASE.jar;C:\Users\Administrator\.m2\repository\aopalliance\aopalliance\1.0\aopalliance-1.0.jar;C:\Users\Administrator\.m2\repository\org\springframework\spring-aop\3.1.0.RELEASE\spring-aop-3.1.0.RELEASE.jar;C:\Users\Administrator\.m2\repository\org\springframework\spring-context\3.1.0.RELEASE\spring-context-3.1.0.RELEASE.jar;C:\Users\Administrator\.m2\repository\org\springframework\spring-beans\3.1.0.RELEASE\spring-beans-3.1.0.RELEASE.jar;C:\Users\Administrator\.m2\repository\org\springframework\spring-core\3.1.0.RELEASE\spring-core-3.1.0.RELEASE.jar;C:\Users\Administrator\.m2\repository\org\springframework\spring-asm\3.1.0.RELEASE\spring-asm-3.1.0.RELEASE.jar;C:\Users\Administrator\.m2\repository\dom4j\dom4j\1.6.1\dom4j-1.6.1.jar;C:\Users\Administrator\.m2\repository\xml-apis\xml-apis\1.0.b2\xml-apis-1.0.b2.jar;C:\Users\Administrator\.m2\repository\com\google\guava\guava\14.0\guava-14.0.jar;"/>
    <property name="java.vm.specification.version" value="1.0"/>
    <property name="sun.arch.data.model" value="32"/>
    <property name="java.home" value="D:\java\jdk1.6.0_16\jdk1.6.0_16\jre"/>
    <property name="java.specification.vendor" value="Sun Microsystems Inc."/>
    <property name="user.language" value="zh"/>
    <property name="awt.toolkit" value="sun.awt.windows.WToolkit"/>
    <property name="java.vm.info" value="mixed mode"/>
    <property name="java.version" value="1.6.0_16"/>
    <property name="java.ext.dirs" value="D:\java\jdk1.6.0_16\jdk1.6.0_16\jre\lib\ext;C:\Windows\Sun\Java\lib\ext"/>
    <property name="sun.boot.class.path" value="D:\java\jdk1.6.0_16\jdk1.6.0_16\jre\lib\resources.jar;D:\java\jdk1.6.0_16\jdk1.6.0_16\jre\lib\rt.jar;D:\java\jdk1.6.0_16\jdk1.6.0_16\jre\lib\sunrsasign.jar;D:\java\jdk1.6.0_16\jdk1.6.0_16\jre\lib\jsse.jar;D:\java\jdk1.6.0_16\jdk1.6.0_16\jre\lib\jce.jar;D:\java\jdk1.6.0_16\jdk1.6.0_16\jre\lib\charsets.jar;D:\java\jdk1.6.0_16\jdk1.6.0_16\jre\classes"/>
    <property name="java.vendor" value="Sun Microsystems Inc."/>
    <property name="localRepository" value="C:\Users\Administrator\.m2\repository"/>
    <property name="file.separator" value="\"/>
    <property name="java.vendor.url.bug" value="http://java.sun.com/cgi-bin/bugreport.cgi"/>
    <property name="sun.cpu.endian" value="little"/>
    <property name="sun.io.unicode.encoding" value="UnicodeLittle"/>
    <property name="sun.desktop" value="windows"/>
    <property name="sun.cpu.isalist" value="pentium_pro+mmx pentium_pro pentium+mmx pentium i486 i386 i86"/>
  </properties>
  <testcase time="0.702" classname="com.buy.test.spring.SpringTest" name="test"/>
</testsuite>